<?xml version="1.0" encoding="UTF-8"?>
<robot generator="Robot 5.0.1 (Python 3.10.4 on win32)" generated="20220609 13:25:39.778" rpa="false" schemaversion="3">
<suite id="s1" name="PageLoadingEffects" source="D:\Advance_Robot_Python\Robot Framework_Workshop_3_open and click animation PageLoadingEffects\PageLoadingEffects.robot">
<test id="s1-t1" name="1. Open Website" line="12">
<kw name="Open Browser" library="Selenium2Library">
<arg>https://tympanus.net/Development/PageLoadingEffects/</arg>
<arg>browser=chrome</arg>
<doc>Opens a new browser instance to the optional ``url``.</doc>
<msg timestamp="20220609 13:25:39.963" level="INFO">Opening browser 'chrome' to base url 'https://tympanus.net/Development/PageLoadingEffects/'.</msg>
<status status="PASS" starttime="20220609 13:25:39.963" endtime="20220609 13:25:45.041"/>
</kw>
<kw name="Set Selenium Speed" library="Selenium2Library">
<arg>0.3</arg>
<doc>Sets the delay that is waited after each Selenium command.</doc>
<status status="PASS" starttime="20220609 13:25:45.042" endtime="20220609 13:25:45.043"/>
</kw>
<kw name="Maximize Browser Window" library="Selenium2Library">
<doc>Maximizes current browser window.</doc>
<status status="PASS" starttime="20220609 13:25:45.044" endtime="20220609 13:25:45.496"/>
</kw>
<status status="PASS" starttime="20220609 13:25:39.962" endtime="20220609 13:25:45.498"/>
</test>
<test id="s1-t2" name="2. FOR IN ENUMERATE" line="17">
<kw name="Create List" library="BuiltIn">
<var>@{ITEMS}</var>
<arg>Lazy Stretch</arg>
<arg>Circle</arg>
<arg>Spill</arg>
<arg>Frame it</arg>
<doc>Returns a list containing given items.</doc>
<msg timestamp="20220609 13:25:45.503" level="INFO">@{ITEMS} = [ Lazy Stretch | Circle | Spill | Frame it ]</msg>
<status status="PASS" starttime="20220609 13:25:45.502" endtime="20220609 13:25:45.503"/>
</kw>
<for flavor="IN ENUMERATE">
<var>${INDEX}</var>
<var>${ELEMENT}</var>
<value>@{ITEMS}</value>
<iter>
<var name="${INDEX}">0</var>
<var name="${ELEMENT}">Lazy Stretch</var>
<kw name="Wait Until Page Contains Element" library="Selenium2Library">
<arg>${PAGELOAD_OVERLAY}</arg>
<doc>Waits until the element ``locator`` appears on the current page.</doc>
<status status="PASS" starttime="20220609 13:25:45.506" endtime="20220609 13:25:45.825"/>
</kw>
<kw name="Click Element" library="Selenium2Library">
<arg>//a[text()="${ELEMENT}"]</arg>
<doc>Click the element identified by ``locator``.</doc>
<msg timestamp="20220609 13:25:45.827" level="INFO">Clicking element '//a[text()="Lazy Stretch"]'.</msg>
<status status="PASS" starttime="20220609 13:25:45.825" endtime="20220609 13:25:47.180"/>
</kw>
<kw name="Log To Console" library="BuiltIn">
<arg>${ELEMENT}</arg>
<doc>Logs the given message to the console.</doc>
<status status="PASS" starttime="20220609 13:25:47.180" endtime="20220609 13:25:47.180"/>
</kw>
<kw name="Click Element" library="Selenium2Library">
<arg>${BUTTON_SHOW_PAGE_LOADER}</arg>
<doc>Click the element identified by ``locator``.</doc>
<msg timestamp="20220609 13:25:47.181" level="INFO">Clicking element '//a[@class="pageload-link"][text()="Show Page Loader"]'.</msg>
<status status="PASS" starttime="20220609 13:25:47.180" endtime="20220609 13:25:47.826"/>
</kw>
<kw name="Wait Until Page Contains Element" library="Selenium2Library">
<arg>${PAGELOAD_OVERLAY}</arg>
<doc>Waits until the element ``locator`` appears on the current page.</doc>
<status status="PASS" starttime="20220609 13:25:47.827" endtime="20220609 13:25:50.740"/>
</kw>
<kw name="Click Element" library="Selenium2Library">
<arg>${BUTTON_GO_BACK}</arg>
<doc>Click the element identified by ``locator``.</doc>
<msg timestamp="20220609 13:25:50.741" level="INFO">Clicking element '//a[@class="pageload-link"][text()="Go back"]'.</msg>
<status status="PASS" starttime="20220609 13:25:50.740" endtime="20220609 13:25:51.418"/>
</kw>
<status status="PASS" starttime="20220609 13:25:45.504" endtime="20220609 13:25:51.418"/>
</iter>
<iter>
<var name="${INDEX}">1</var>
<var name="${ELEMENT}">Circle</var>
<kw name="Wait Until Page Contains Element" library="Selenium2Library">
<arg>${PAGELOAD_OVERLAY}</arg>
<doc>Waits until the element ``locator`` appears on the current page.</doc>
<status status="PASS" starttime="20220609 13:25:51.419" endtime="20220609 13:25:54.325"/>
</kw>
<kw name="Click Element" library="Selenium2Library">
<arg>//a[text()="${ELEMENT}"]</arg>
<doc>Click the element identified by ``locator``.</doc>
<msg timestamp="20220609 13:25:54.326" level="INFO">Clicking element '//a[text()="Circle"]'.</msg>
<status status="PASS" starttime="20220609 13:25:54.325" endtime="20220609 13:25:57.224"/>
</kw>
<kw name="Log To Console" library="BuiltIn">
<arg>${ELEMENT}</arg>
<doc>Logs the given message to the console.</doc>
<status status="PASS" starttime="20220609 13:25:57.224" endtime="20220609 13:25:57.225"/>
</kw>
<kw name="Click Element" library="Selenium2Library">
<arg>${BUTTON_SHOW_PAGE_LOADER}</arg>
<doc>Click the element identified by ``locator``.</doc>
<msg timestamp="20220609 13:25:57.225" level="INFO">Clicking element '//a[@class="pageload-link"][text()="Show Page Loader"]'.</msg>
<status status="PASS" starttime="20220609 13:25:57.225" endtime="20220609 13:25:57.907"/>
</kw>
<kw name="Wait Until Page Contains Element" library="Selenium2Library">
<arg>${PAGELOAD_OVERLAY}</arg>
<doc>Waits until the element ``locator`` appears on the current page.</doc>
<status status="PASS" starttime="20220609 13:25:57.907" endtime="20220609 13:26:00.301"/>
</kw>
<kw name="Click Element" library="Selenium2Library">
<arg>${BUTTON_GO_BACK}</arg>
<doc>Click the element identified by ``locator``.</doc>
<msg timestamp="20220609 13:26:00.302" level="INFO">Clicking element '//a[@class="pageload-link"][text()="Go back"]'.</msg>
<status status="PASS" starttime="20220609 13:26:00.301" endtime="20220609 13:26:00.998"/>
</kw>
<status status="PASS" starttime="20220609 13:25:51.418" endtime="20220609 13:26:00.999"/>
</iter>
<iter>
<var name="${INDEX}">2</var>
<var name="${ELEMENT}">Spill</var>
<kw name="Wait Until Page Contains Element" library="Selenium2Library">
<arg>${PAGELOAD_OVERLAY}</arg>
<doc>Waits until the element ``locator`` appears on the current page.</doc>
<status status="PASS" starttime="20220609 13:26:01.000" endtime="20220609 13:26:03.388"/>
</kw>
<kw name="Click Element" library="Selenium2Library">
<arg>//a[text()="${ELEMENT}"]</arg>
<doc>Click the element identified by ``locator``.</doc>
<msg timestamp="20220609 13:26:03.389" level="INFO">Clicking element '//a[text()="Spill"]'.</msg>
<status status="PASS" starttime="20220609 13:26:03.388" endtime="20220609 13:26:04.710"/>
</kw>
<kw name="Log To Console" library="BuiltIn">
<arg>${ELEMENT}</arg>
<doc>Logs the given message to the console.</doc>
<status status="PASS" starttime="20220609 13:26:04.710" endtime="20220609 13:26:04.712"/>
</kw>
<kw name="Click Element" library="Selenium2Library">
<arg>${BUTTON_SHOW_PAGE_LOADER}</arg>
<doc>Click the element identified by ``locator``.</doc>
<msg timestamp="20220609 13:26:04.713" level="INFO">Clicking element '//a[@class="pageload-link"][text()="Show Page Loader"]'.</msg>
<status status="PASS" starttime="20220609 13:26:04.712" endtime="20220609 13:26:05.375"/>
</kw>
<kw name="Wait Until Page Contains Element" library="Selenium2Library">
<arg>${PAGELOAD_OVERLAY}</arg>
<doc>Waits until the element ``locator`` appears on the current page.</doc>
<status status="PASS" starttime="20220609 13:26:05.375" endtime="20220609 13:26:08.302"/>
</kw>
<kw name="Click Element" library="Selenium2Library">
<arg>${BUTTON_GO_BACK}</arg>
<doc>Click the element identified by ``locator``.</doc>
<msg timestamp="20220609 13:26:08.302" level="INFO">Clicking element '//a[@class="pageload-link"][text()="Go back"]'.</msg>
<status status="PASS" starttime="20220609 13:26:08.302" endtime="20220609 13:26:08.997"/>
</kw>
<status status="PASS" starttime="20220609 13:26:00.999" endtime="20220609 13:26:08.998"/>
</iter>
<iter>
<var name="${INDEX}">3</var>
<var name="${ELEMENT}">Frame it</var>
<kw name="Wait Until Page Contains Element" library="Selenium2Library">
<arg>${PAGELOAD_OVERLAY}</arg>
<doc>Waits until the element ``locator`` appears on the current page.</doc>
<status status="PASS" starttime="20220609 13:26:08.999" endtime="20220609 13:26:11.431"/>
</kw>
<kw name="Click Element" library="Selenium2Library">
<arg>//a[text()="${ELEMENT}"]</arg>
<doc>Click the element identified by ``locator``.</doc>
<msg timestamp="20220609 13:26:11.433" level="INFO">Clicking element '//a[text()="Frame it"]'.</msg>
<status status="PASS" starttime="20220609 13:26:11.431" endtime="20220609 13:26:12.771"/>
</kw>
<kw name="Log To Console" library="BuiltIn">
<arg>${ELEMENT}</arg>
<doc>Logs the given message to the console.</doc>
<status status="PASS" starttime="20220609 13:26:12.771" endtime="20220609 13:26:12.773"/>
</kw>
<kw name="Click Element" library="Selenium2Library">
<arg>${BUTTON_SHOW_PAGE_LOADER}</arg>
<doc>Click the element identified by ``locator``.</doc>
<msg timestamp="20220609 13:26:12.774" level="INFO">Clicking element '//a[@class="pageload-link"][text()="Show Page Loader"]'.</msg>
<status status="PASS" starttime="20220609 13:26:12.773" endtime="20220609 13:26:13.434"/>
</kw>
<kw name="Wait Until Page Contains Element" library="Selenium2Library">
<arg>${PAGELOAD_OVERLAY}</arg>
<doc>Waits until the element ``locator`` appears on the current page.</doc>
<status status="PASS" starttime="20220609 13:26:13.435" endtime="20220609 13:26:15.836"/>
</kw>
<kw name="Click Element" library="Selenium2Library">
<arg>${BUTTON_GO_BACK}</arg>
<doc>Click the element identified by ``locator``.</doc>
<msg timestamp="20220609 13:26:15.837" level="INFO">Clicking element '//a[@class="pageload-link"][text()="Go back"]'.</msg>
<status status="PASS" starttime="20220609 13:26:15.836" endtime="20220609 13:26:16.517"/>
</kw>
<status status="PASS" starttime="20220609 13:26:08.999" endtime="20220609 13:26:16.517"/>
</iter>
<status status="PASS" starttime="20220609 13:25:45.504" endtime="20220609 13:26:16.518"/>
</for>
<status status="PASS" starttime="20220609 13:25:45.501" endtime="20220609 13:26:16.520"/>
</test>
<status status="PASS" starttime="20220609 13:25:39.779" endtime="20220609 13:26:16.524"/>
</suite>
<statistics>
<total>
<stat pass="2" fail="0" skip="0">All Tests</stat>
</total>
<tag>
</tag>
<suite>
<stat pass="2" fail="0" skip="0" id="s1" name="PageLoadingEffects">PageLoadingEffects</stat>
</suite>
</statistics>
<errors>
</errors>
</robot>
